{
  "stats": {
    "suites": 1,
    "tests": 1,
    "passes": 0,
    "pending": 0,
    "failures": 1,
    "start": "2022-12-09T09:07:51.203Z",
    "end": "2022-12-09T09:07:59.293Z",
    "duration": 8090,
    "testsRegistered": 1,
    "passPercent": 0,
    "pendingPercent": 0,
    "other": 0,
    "hasOther": false,
    "skipped": 0,
    "hasSkipped": false
  },
  "results": [
    {
      "uuid": "3915717c-11ac-4bfc-b924-1720c065e5a3",
      "title": "",
      "fullFile": "cypress\\e2e\\page-Object-test.cy.js",
      "file": "cypress\\e2e\\page-Object-test.cy.js",
      "beforeHooks": [],
      "afterHooks": [],
      "tests": [],
      "suites": [
        {
          "uuid": "dd498489-9ddd-47e3-951c-55ef0ef31ec7",
          "title": "object",
          "fullFile": "",
          "file": "",
          "beforeHooks": [],
          "afterHooks": [],
          "tests": [
            {
              "title": "login",
              "fullTitle": "object login",
              "timedOut": null,
              "duration": 6435,
              "state": "failed",
              "speed": null,
              "pass": false,
              "fail": true,
              "pending": false,
              "context": null,
              "code": "const log = new _pageObjectCy.default();\nlog.visit();\nlog.type(\"object\");\nlog.type('object1');\nlog.len();\nlog.toggle();\nlog.explict1();\nlog.checked();\nlog.line_through();\nlog.complete();\nlog.overall();\nlog.utility();",
              "err": {
                "message": "AssertionError: Timed out retrying after 4000ms: Expected to find element: `.active > a`, but never found it.",
                "estack": "AssertionError: Timed out retrying after 4000ms: Expected to find element: `.active > a`, but never found it.\n    at todo.utility (webpack:///./cypress/e2e/pageObject.cy.js:38:11)\n    at Context.eval (webpack:///./cypress/e2e/page-Object-test.cy.js:16:7)",
                "diff": null
              },
              "uuid": "59f43e56-d537-406b-bab1-3e45b922f854",
              "parentUUID": "dd498489-9ddd-47e3-951c-55ef0ef31ec7",
              "isHook": false,
              "skipped": false
            }
          ],
          "suites": [],
          "passes": [],
          "failures": [
            "59f43e56-d537-406b-bab1-3e45b922f854"
          ],
          "pending": [],
          "skipped": [],
          "duration": 6435,
          "root": false,
          "rootEmpty": false,
          "_timeout": 2000
        }
      ],
      "passes": [],
      "failures": [],
      "pending": [],
      "skipped": [],
      "duration": 0,
      "root": true,
      "rootEmpty": true,
      "_timeout": 2000
    }
  ],
  "meta": {
    "mocha": {
      "version": "7.0.1"
    },
    "mochawesome": {
      "options": {
        "quiet": false,
        "reportFilename": "mochawesome",
        "saveHtml": false,
        "saveJson": true,
        "consoleReporter": "spec",
        "useInlineDiffs": false,
        "code": true
      },
      "version": "7.1.3"
    },
    "marge": {
      "options": {
        "charts": true,
        "overwrite": false,
        "html": false,
        "json": true,
        "reportDir": "cpyress/reports"
      },
      "version": "6.2.0"
    }
  }
}