{
  "stats": {
    "suites": 0,
    "tests": 2,
    "passes": 2,
    "pending": 0,
    "failures": 0,
    "start": "2022-12-09T09:07:33.417Z",
    "end": "2022-12-09T09:07:37.575Z",
    "duration": 4158,
    "testsRegistered": 2,
    "passPercent": 100,
    "pendingPercent": 0,
    "other": 0,
    "hasOther": false,
    "skipped": 0,
    "hasSkipped": false
  },
  "results": [
    {
      "uuid": "030c453e-2b02-4e5a-b44a-6d0c4dde2c6b",
      "title": "",
      "fullFile": "cypress\\e2e\\file-upload-and-download.cy.js",
      "file": "cypress\\e2e\\file-upload-and-download.cy.js",
      "beforeHooks": [],
      "afterHooks": [],
      "tests": [
        {
          "title": "file upload",
          "fullTitle": "file upload",
          "timedOut": null,
          "duration": 979,
          "state": "passed",
          "speed": "fast",
          "pass": true,
          "fail": false,
          "pending": false,
          "context": null,
          "code": "cy.visit('https://trytestingthis.netlify.app/');\ncy.get('#myfile').attachFile('crocus-1279508__340.webp');",
          "err": {},
          "uuid": "94b01153-1f3e-4835-9c14-2c5bf008d5af",
          "parentUUID": "030c453e-2b02-4e5a-b44a-6d0c4dde2c6b",
          "isHook": false,
          "skipped": false
        },
        {
          "title": "file download",
          "fullTitle": "file download",
          "timedOut": null,
          "duration": 694,
          "state": "passed",
          "speed": "fast",
          "pass": true,
          "fail": false,
          "pending": false,
          "context": null,
          "code": "cy.downloadFile('https://upload.wikimedia.org/wikipedia/en/a/a9/Example.jpg', 'mydownloads', 'example.jpg');",
          "err": {},
          "uuid": "c34b1c3b-60e6-4652-a373-3fbdc36dd618",
          "parentUUID": "030c453e-2b02-4e5a-b44a-6d0c4dde2c6b",
          "isHook": false,
          "skipped": false
        }
      ],
      "suites": [],
      "passes": [
        "94b01153-1f3e-4835-9c14-2c5bf008d5af",
        "c34b1c3b-60e6-4652-a373-3fbdc36dd618"
      ],
      "failures": [],
      "pending": [],
      "skipped": [],
      "duration": 1673,
      "root": true,
      "rootEmpty": false,
      "_timeout": 2000
    }
  ],
  "meta": {
    "mocha": {
      "version": "7.0.1"
    },
    "mochawesome": {
      "options": {
        "quiet": false,
        "reportFilename": "mochawesome",
        "saveHtml": false,
        "saveJson": true,
        "consoleReporter": "spec",
        "useInlineDiffs": false,
        "code": true
      },
      "version": "7.1.3"
    },
    "marge": {
      "options": {
        "charts": true,
        "overwrite": false,
        "html": false,
        "json": true,
        "reportDir": "cpyress/reports"
      },
      "version": "6.2.0"
    }
  }
}