{
  "stats": {
    "suites": 0,
    "tests": 2,
    "passes": 2,
    "pending": 0,
    "failures": 0,
    "start": "2022-12-09T08:29:35.514Z",
    "end": "2022-12-09T08:29:39.904Z",
    "duration": 4390,
    "testsRegistered": 2,
    "passPercent": 100,
    "pendingPercent": 0,
    "other": 0,
    "hasOther": false,
    "skipped": 0,
    "hasSkipped": false
  },
  "results": [
    {
      "uuid": "48cdce15-7f91-4422-9178-e69699abdf0d",
      "title": "",
      "fullFile": "cypress\\e2e\\file-upload-and-download.cy.js",
      "file": "cypress\\e2e\\file-upload-and-download.cy.js",
      "beforeHooks": [],
      "afterHooks": [],
      "tests": [
        {
          "title": "file upload",
          "fullTitle": "file upload",
          "timedOut": null,
          "duration": 607,
          "state": "passed",
          "speed": "fast",
          "pass": true,
          "fail": false,
          "pending": false,
          "context": null,
          "code": "cy.visit('https://trytestingthis.netlify.app/');\ncy.get('#myfile').attachFile('crocus-1279508__340.webp');",
          "err": {},
          "uuid": "3b08e19d-c37d-4c31-ad36-8b70ab01135d",
          "parentUUID": "48cdce15-7f91-4422-9178-e69699abdf0d",
          "isHook": false,
          "skipped": false
        },
        {
          "title": "file download",
          "fullTitle": "file download",
          "timedOut": null,
          "duration": 883,
          "state": "passed",
          "speed": "fast",
          "pass": true,
          "fail": false,
          "pending": false,
          "context": null,
          "code": "cy.downloadFile('https://upload.wikimedia.org/wikipedia/en/a/a9/Example.jpg', 'mydownloads', 'example.jpg');",
          "err": {},
          "uuid": "d440ea47-e991-4998-b566-efcb8e25f720",
          "parentUUID": "48cdce15-7f91-4422-9178-e69699abdf0d",
          "isHook": false,
          "skipped": false
        }
      ],
      "suites": [],
      "passes": [
        "3b08e19d-c37d-4c31-ad36-8b70ab01135d",
        "d440ea47-e991-4998-b566-efcb8e25f720"
      ],
      "failures": [],
      "pending": [],
      "skipped": [],
      "duration": 1490,
      "root": true,
      "rootEmpty": false,
      "_timeout": 2000
    }
  ],
  "meta": {
    "mocha": {
      "version": "7.0.1"
    },
    "mochawesome": {
      "options": {
        "quiet": false,
        "reportFilename": "mochawesome",
        "saveHtml": false,
        "saveJson": true,
        "consoleReporter": "spec",
        "useInlineDiffs": false,
        "code": true
      },
      "version": "7.1.3"
    },
    "marge": {
      "options": {
        "charts": true,
        "overwrite": false,
        "html": false,
        "json": true,
        "reportDir": "cpyress/reports"
      },
      "version": "6.2.0"
    }
  }
}