{
  "stats": {
    "suites": 1,
    "tests": 2,
    "passes": 2,
    "pending": 0,
    "failures": 0,
    "start": "2022-12-09T08:30:18.982Z",
    "end": "2022-12-09T08:30:22.249Z",
    "duration": 3267,
    "testsRegistered": 2,
    "passPercent": 100,
    "pendingPercent": 0,
    "other": 0,
    "hasOther": false,
    "skipped": 0,
    "hasSkipped": false
  },
  "results": [
    {
      "uuid": "15952f5d-e2cb-40f2-a89e-5834e980480c",
      "title": "",
      "fullFile": "cypress\\e2e\\todo.cy.js",
      "file": "cypress\\e2e\\todo.cy.js",
      "beforeHooks": [],
      "afterHooks": [],
      "tests": [],
      "suites": [
        {
          "uuid": "abbb2bb7-0f4c-4cb6-a4d4-f0783629c643",
          "title": "todo actions",
          "fullFile": "",
          "file": "",
          "beforeHooks": [],
          "afterHooks": [],
          "tests": [
            {
              "title": "invoke",
              "fullTitle": "todo actions invoke",
              "timedOut": null,
              "duration": 1526,
              "state": "passed",
              "speed": "fast",
              "pass": true,
              "fail": false,
              "pending": false,
              "context": null,
              "code": "cy.visit(\"http://todomvc-app-for-testing.surge.sh/\");\ncy.get('.new-todo').type('my1 test run{Enter}');",
              "err": {},
              "uuid": "02ab6354-942d-468b-8d75-5c26cbeac895",
              "parentUUID": "abbb2bb7-0f4c-4cb6-a4d4-f0783629c643",
              "isHook": false,
              "skipped": false
            },
            {
              "title": "new",
              "fullTitle": "todo actions new",
              "timedOut": null,
              "duration": 106,
              "state": "passed",
              "speed": "fast",
              "pass": true,
              "fail": false,
              "pending": false,
              "context": null,
              "code": "cy.get('.destroy').invoke('show').click();",
              "err": {},
              "uuid": "510be0b2-e6c5-4491-8692-a9ccb7bbfb89",
              "parentUUID": "abbb2bb7-0f4c-4cb6-a4d4-f0783629c643",
              "isHook": false,
              "skipped": false
            }
          ],
          "suites": [],
          "passes": [
            "02ab6354-942d-468b-8d75-5c26cbeac895",
            "510be0b2-e6c5-4491-8692-a9ccb7bbfb89"
          ],
          "failures": [],
          "pending": [],
          "skipped": [],
          "duration": 1632,
          "root": false,
          "rootEmpty": false,
          "_timeout": 2000
        }
      ],
      "passes": [],
      "failures": [],
      "pending": [],
      "skipped": [],
      "duration": 0,
      "root": true,
      "rootEmpty": true,
      "_timeout": 2000
    }
  ],
  "meta": {
    "mocha": {
      "version": "7.0.1"
    },
    "mochawesome": {
      "options": {
        "quiet": false,
        "reportFilename": "mochawesome",
        "saveHtml": false,
        "saveJson": true,
        "consoleReporter": "spec",
        "useInlineDiffs": false,
        "code": true
      },
      "version": "7.1.3"
    },
    "marge": {
      "options": {
        "charts": true,
        "overwrite": false,
        "html": false,
        "json": true,
        "reportDir": "cpyress/reports"
      },
      "version": "6.2.0"
    }
  }
}