{
  "stats": {
    "suites": 1,
    "tests": 2,
    "passes": 2,
    "pending": 0,
    "failures": 0,
    "start": "2022-12-09T09:05:53.440Z",
    "end": "2022-12-09T09:05:56.082Z",
    "duration": 2642,
    "testsRegistered": 2,
    "passPercent": 100,
    "pendingPercent": 0,
    "other": 0,
    "hasOther": false,
    "skipped": 0,
    "hasSkipped": false
  },
  "results": [
    {
      "uuid": "843f77fc-8c5a-4b72-9534-f216114403a8",
      "title": "",
      "fullFile": "cypress\\e2e\\todo.cy.js",
      "file": "cypress\\e2e\\todo.cy.js",
      "beforeHooks": [],
      "afterHooks": [],
      "tests": [],
      "suites": [
        {
          "uuid": "4b855b8f-508e-4ce4-b1dd-012dc9cf15c8",
          "title": "todo actions",
          "fullFile": "",
          "file": "",
          "beforeHooks": [],
          "afterHooks": [],
          "tests": [
            {
              "title": "invoke",
              "fullTitle": "todo actions invoke",
              "timedOut": null,
              "duration": 1164,
              "state": "passed",
              "speed": "fast",
              "pass": true,
              "fail": false,
              "pending": false,
              "context": null,
              "code": "cy.visit(\"http://todomvc-app-for-testing.surge.sh/\");\ncy.get('.new-todo').type('my1 test run{Enter}');",
              "err": {},
              "uuid": "9ff8a497-925d-454f-9495-93a59f1fdf65",
              "parentUUID": "4b855b8f-508e-4ce4-b1dd-012dc9cf15c8",
              "isHook": false,
              "skipped": false
            },
            {
              "title": "new",
              "fullTitle": "todo actions new",
              "timedOut": null,
              "duration": 110,
              "state": "passed",
              "speed": "fast",
              "pass": true,
              "fail": false,
              "pending": false,
              "context": null,
              "code": "cy.get('.destroy').invoke('show').click();",
              "err": {},
              "uuid": "8907d904-6595-4305-9a42-d33ae3b20209",
              "parentUUID": "4b855b8f-508e-4ce4-b1dd-012dc9cf15c8",
              "isHook": false,
              "skipped": false
            }
          ],
          "suites": [],
          "passes": [
            "9ff8a497-925d-454f-9495-93a59f1fdf65",
            "8907d904-6595-4305-9a42-d33ae3b20209"
          ],
          "failures": [],
          "pending": [],
          "skipped": [],
          "duration": 1274,
          "root": false,
          "rootEmpty": false,
          "_timeout": 2000
        }
      ],
      "passes": [],
      "failures": [],
      "pending": [],
      "skipped": [],
      "duration": 0,
      "root": true,
      "rootEmpty": true,
      "_timeout": 2000
    }
  ],
  "meta": {
    "mocha": {
      "version": "7.0.1"
    },
    "mochawesome": {
      "options": {
        "quiet": false,
        "reportFilename": "mochawesome",
        "saveHtml": false,
        "saveJson": true,
        "consoleReporter": "spec",
        "useInlineDiffs": false,
        "code": true
      },
      "version": "7.1.3"
    },
    "marge": {
      "options": {
        "charts": true,
        "overwrite": false,
        "html": false,
        "json": true,
        "reportDir": "cpyress/reports"
      },
      "version": "6.2.0"
    }
  }
}