{
  "stats": {
    "suites": 1,
    "tests": 2,
    "passes": 2,
    "pending": 0,
    "failures": 0,
    "start": "2022-12-09T09:05:26.399Z",
    "end": "2022-12-09T09:05:33.442Z",
    "duration": 7043,
    "testsRegistered": 2,
    "passPercent": 100,
    "pendingPercent": 0,
    "other": 0,
    "hasOther": false,
    "skipped": 0,
    "hasSkipped": false
  },
  "results": [
    {
      "uuid": "276ac402-25d5-4e3f-8441-b675feb7dbb8",
      "title": "",
      "fullFile": "cypress\\e2e\\filtering.cy.js",
      "file": "cypress\\e2e\\filtering.cy.js",
      "beforeHooks": [],
      "afterHooks": [],
      "tests": [],
      "suites": [
        {
          "uuid": "3f574452-f0f9-45e6-9c4f-52b39987ae6d",
          "title": "my first",
          "fullFile": "",
          "file": "",
          "beforeHooks": [],
          "afterHooks": [],
          "tests": [
            {
              "title": "second strik",
              "fullTitle": "my first second strik",
              "timedOut": null,
              "duration": 2231,
              "state": "passed",
              "speed": "fast",
              "pass": true,
              "fail": false,
              "pending": false,
              "context": null,
              "code": "cy.get(':nth-child(2) > .view > .toggle').click();\ncy.get(':nth-child(2) > a').click();\ncy.get('.view > label').should('have.length', 2);",
              "err": {},
              "uuid": "42db99d4-c930-4761-beb1-c063b78bd148",
              "parentUUID": "3f574452-f0f9-45e6-9c4f-52b39987ae6d",
              "isHook": false,
              "skipped": false
            },
            {
              "title": "all lenght",
              "fullTitle": "my first all lenght",
              "timedOut": null,
              "duration": 1628,
              "state": "passed",
              "speed": "fast",
              "pass": true,
              "fail": false,
              "pending": false,
              "context": null,
              "code": "cy.get('.view > label').should('have.length', 3);",
              "err": {},
              "uuid": "dac79953-d825-4e32-88e8-07049037ae27",
              "parentUUID": "3f574452-f0f9-45e6-9c4f-52b39987ae6d",
              "isHook": false,
              "skipped": false
            }
          ],
          "suites": [],
          "passes": [
            "42db99d4-c930-4761-beb1-c063b78bd148",
            "dac79953-d825-4e32-88e8-07049037ae27"
          ],
          "failures": [],
          "pending": [],
          "skipped": [],
          "duration": 3859,
          "root": false,
          "rootEmpty": false,
          "_timeout": 2000
        }
      ],
      "passes": [],
      "failures": [],
      "pending": [],
      "skipped": [],
      "duration": 0,
      "root": true,
      "rootEmpty": true,
      "_timeout": 2000
    }
  ],
  "meta": {
    "mocha": {
      "version": "7.0.1"
    },
    "mochawesome": {
      "options": {
        "quiet": false,
        "reportFilename": "mochawesome",
        "saveHtml": false,
        "saveJson": true,
        "consoleReporter": "spec",
        "useInlineDiffs": false,
        "code": true
      },
      "version": "7.1.3"
    },
    "marge": {
      "options": {
        "charts": true,
        "overwrite": false,
        "html": false,
        "json": true,
        "reportDir": "cpyress/reports"
      },
      "version": "6.2.0"
    }
  }
}