{
  "stats": {
    "suites": 1,
    "tests": 1,
    "passes": 0,
    "pending": 0,
    "failures": 1,
    "start": "2022-12-09T08:29:56.254Z",
    "end": "2022-12-09T08:30:05.285Z",
    "duration": 9031,
    "testsRegistered": 1,
    "passPercent": 0,
    "pendingPercent": 0,
    "other": 0,
    "hasOther": false,
    "skipped": 0,
    "hasSkipped": false
  },
  "results": [
    {
      "uuid": "3845d75a-e3fc-47a4-bfd8-6d8585493cd0",
      "title": "",
      "fullFile": "cypress\\e2e\\page-Object-test.cy.js",
      "file": "cypress\\e2e\\page-Object-test.cy.js",
      "beforeHooks": [],
      "afterHooks": [],
      "tests": [],
      "suites": [
        {
          "uuid": "7d7431cc-2c5e-4498-8ff1-22f8ca17a540",
          "title": "object",
          "fullFile": "",
          "file": "",
          "beforeHooks": [],
          "afterHooks": [],
          "tests": [
            {
              "title": "login",
              "fullTitle": "object login",
              "timedOut": null,
              "duration": 7170,
              "state": "failed",
              "speed": null,
              "pass": false,
              "fail": true,
              "pending": false,
              "context": null,
              "code": "const log = new _pageObjectCy.default();\nlog.visit();\nlog.type(\"object\");\nlog.type('object1');\nlog.len();\nlog.toggle();\nlog.explict1();\nlog.checked();\nlog.line_through();\nlog.complete();\nlog.overall();\nlog.utility();",
              "err": {
                "message": "AssertionError: Timed out retrying after 4000ms: Expected to find element: `.active > a`, but never found it.",
                "estack": "AssertionError: Timed out retrying after 4000ms: Expected to find element: `.active > a`, but never found it.\n    at todo.utility (webpack:///./cypress/e2e/pageObject.cy.js:38:11)\n    at Context.eval (webpack:///./cypress/e2e/page-Object-test.cy.js:16:7)",
                "diff": null
              },
              "uuid": "39f51b09-eaf3-446c-9b4b-b5a174141957",
              "parentUUID": "7d7431cc-2c5e-4498-8ff1-22f8ca17a540",
              "isHook": false,
              "skipped": false
            }
          ],
          "suites": [],
          "passes": [],
          "failures": [
            "39f51b09-eaf3-446c-9b4b-b5a174141957"
          ],
          "pending": [],
          "skipped": [],
          "duration": 7170,
          "root": false,
          "rootEmpty": false,
          "_timeout": 2000
        }
      ],
      "passes": [],
      "failures": [],
      "pending": [],
      "skipped": [],
      "duration": 0,
      "root": true,
      "rootEmpty": true,
      "_timeout": 2000
    }
  ],
  "meta": {
    "mocha": {
      "version": "7.0.1"
    },
    "mochawesome": {
      "options": {
        "quiet": false,
        "reportFilename": "mochawesome",
        "saveHtml": false,
        "saveJson": true,
        "consoleReporter": "spec",
        "useInlineDiffs": false,
        "code": true
      },
      "version": "7.1.3"
    },
    "marge": {
      "options": {
        "charts": true,
        "overwrite": false,
        "html": false,
        "json": true,
        "reportDir": "cpyress/reports"
      },
      "version": "6.2.0"
    }
  }
}