{
  "stats": {
    "suites": 0,
    "tests": 1,
    "passes": 1,
    "pending": 0,
    "failures": 0,
    "start": "2022-12-09T08:29:26.353Z",
    "end": "2022-12-09T08:29:32.238Z",
    "duration": 5885,
    "testsRegistered": 1,
    "passPercent": 100,
    "pendingPercent": 0,
    "other": 0,
    "hasOther": false,
    "skipped": 0,
    "hasSkipped": false
  },
  "results": [
    {
      "uuid": "45e814f0-88b0-4f63-8d69-ab66dae0e86a",
      "title": "",
      "fullFile": "cypress\\e2e\\Assertion.cy.js",
      "file": "cypress\\e2e\\Assertion.cy.js",
      "beforeHooks": [],
      "afterHooks": [],
      "tests": [
        {
          "title": "Assertions Demo",
          "fullTitle": "Assertions Demo",
          "timedOut": null,
          "duration": 3593,
          "state": "passed",
          "speed": "fast",
          "pass": true,
          "fail": false,
          "pending": false,
          "context": null,
          "code": "cy.visit(\"https://example.cypress.io\");\ncy.contains('get').click();\ncy.get('#query-btn') // Implicit Assertions ( shoul , and )\n.should('contain', 'Button').and('have.class', 'query-btn').and('be.enabled').and('have.id', 'query-btn').and('be.enabled').and('be.visible').and('exist').and('have.css', 'color'); //Explicit assertions (expect, assert)\nexpect('query-btn').to.be.string('query-btn');\nexpect('query-btn').to.be.exist;\nassert.strictEqual('get', \"get\", \"not equal\");",
          "err": {},
          "uuid": "93c2b90a-c961-4941-ab69-fc2bc0658f5a",
          "parentUUID": "45e814f0-88b0-4f63-8d69-ab66dae0e86a",
          "isHook": false,
          "skipped": false
        }
      ],
      "suites": [],
      "passes": [
        "93c2b90a-c961-4941-ab69-fc2bc0658f5a"
      ],
      "failures": [],
      "pending": [],
      "skipped": [],
      "duration": 3593,
      "root": true,
      "rootEmpty": false,
      "_timeout": 2000
    }
  ],
  "meta": {
    "mocha": {
      "version": "7.0.1"
    },
    "mochawesome": {
      "options": {
        "quiet": false,
        "reportFilename": "mochawesome",
        "saveHtml": false,
        "saveJson": true,
        "consoleReporter": "spec",
        "useInlineDiffs": false,
        "code": true
      },
      "version": "7.1.3"
    },
    "marge": {
      "options": {
        "charts": true,
        "overwrite": false,
        "html": false,
        "json": true,
        "reportDir": "cpyress/reports"
      },
      "version": "6.2.0"
    }
  }
}