{
  "stats": {
    "suites": 1,
    "tests": 2,
    "passes": 1,
    "pending": 0,
    "failures": 1,
    "start": "2022-12-09T09:08:11.476Z",
    "end": "2022-12-09T09:08:14.519Z",
    "duration": 3043,
    "testsRegistered": 2,
    "passPercent": 50,
    "pendingPercent": 0,
    "other": 0,
    "hasOther": false,
    "skipped": 0,
    "hasSkipped": false
  },
  "results": [
    {
      "uuid": "47e20d6b-69d7-488f-a267-5c8641e2a471",
      "title": "",
      "fullFile": "cypress\\e2e\\todo.cy.js",
      "file": "cypress\\e2e\\todo.cy.js",
      "beforeHooks": [],
      "afterHooks": [],
      "tests": [],
      "suites": [
        {
          "uuid": "3dcd64d3-1269-47fc-8456-d9d31224db81",
          "title": "todo actions",
          "fullFile": "",
          "file": "",
          "beforeHooks": [],
          "afterHooks": [],
          "tests": [
            {
              "title": "invoke",
              "fullTitle": "todo actions invoke",
              "timedOut": null,
              "duration": 1453,
              "state": "passed",
              "speed": "fast",
              "pass": true,
              "fail": false,
              "pending": false,
              "context": null,
              "code": "cy.visit(\"http://todomvc-app-for-testing.surge.sh/\");\ncy.get('.new-todo').type('my1 test run{Enter}');",
              "err": {},
              "uuid": "64256118-7548-4810-898f-6ba1200f0569",
              "parentUUID": "3dcd64d3-1269-47fc-8456-d9d31224db81",
              "isHook": false,
              "skipped": false
            },
            {
              "title": "new",
              "fullTitle": "todo actions new",
              "timedOut": null,
              "duration": 191,
              "state": "failed",
              "speed": null,
              "pass": false,
              "fail": true,
              "pending": false,
              "context": null,
              "code": "cy.get('.destroy').inoke('show').click();",
              "err": {
                "message": "TypeError: cy.get(...).inoke is not a function",
                "estack": "TypeError: cy.get(...).inoke is not a function\n    at Context.eval (webpack:///./cypress/e2e/todo.cy.js:9:27)",
                "diff": null
              },
              "uuid": "9cfcc7de-a9ec-429a-a778-ebd9722d8ec4",
              "parentUUID": "3dcd64d3-1269-47fc-8456-d9d31224db81",
              "isHook": false,
              "skipped": false
            }
          ],
          "suites": [],
          "passes": [
            "64256118-7548-4810-898f-6ba1200f0569"
          ],
          "failures": [
            "9cfcc7de-a9ec-429a-a778-ebd9722d8ec4"
          ],
          "pending": [],
          "skipped": [],
          "duration": 1644,
          "root": false,
          "rootEmpty": false,
          "_timeout": 2000
        }
      ],
      "passes": [],
      "failures": [],
      "pending": [],
      "skipped": [],
      "duration": 0,
      "root": true,
      "rootEmpty": true,
      "_timeout": 2000
    }
  ],
  "meta": {
    "mocha": {
      "version": "7.0.1"
    },
    "mochawesome": {
      "options": {
        "quiet": false,
        "reportFilename": "mochawesome",
        "saveHtml": false,
        "saveJson": true,
        "consoleReporter": "spec",
        "useInlineDiffs": false,
        "code": true
      },
      "version": "7.1.3"
    },
    "marge": {
      "options": {
        "charts": true,
        "overwrite": false,
        "html": false,
        "json": true,
        "reportDir": "cpyress/reports"
      },
      "version": "6.2.0"
    }
  }
}