{
  "stats": {
    "suites": 1,
    "tests": 2,
    "passes": 2,
    "pending": 0,
    "failures": 0,
    "start": "2022-12-09T08:29:42.706Z",
    "end": "2022-12-09T08:29:50.678Z",
    "duration": 7972,
    "testsRegistered": 2,
    "passPercent": 100,
    "pendingPercent": 0,
    "other": 0,
    "hasOther": false,
    "skipped": 0,
    "hasSkipped": false
  },
  "results": [
    {
      "uuid": "9ab0ada2-4bc4-4003-a469-fbf5e30021cb",
      "title": "",
      "fullFile": "cypress\\e2e\\filtering.cy.js",
      "file": "cypress\\e2e\\filtering.cy.js",
      "beforeHooks": [],
      "afterHooks": [],
      "tests": [],
      "suites": [
        {
          "uuid": "c7dd76fa-45b5-4f44-ad98-8cae781ec2ea",
          "title": "my first",
          "fullFile": "",
          "file": "",
          "beforeHooks": [],
          "afterHooks": [],
          "tests": [
            {
              "title": "second strik",
              "fullTitle": "my first second strik",
              "timedOut": null,
              "duration": 2387,
              "state": "passed",
              "speed": "fast",
              "pass": true,
              "fail": false,
              "pending": false,
              "context": null,
              "code": "cy.get(':nth-child(2) > .view > .toggle').click();\ncy.get(':nth-child(2) > a').click();\ncy.get('.view > label').should('have.length', 2);",
              "err": {},
              "uuid": "a6145362-f32b-4917-8ea3-00b84e5ef9fc",
              "parentUUID": "c7dd76fa-45b5-4f44-ad98-8cae781ec2ea",
              "isHook": false,
              "skipped": false
            },
            {
              "title": "all lenght",
              "fullTitle": "my first all lenght",
              "timedOut": null,
              "duration": 1795,
              "state": "passed",
              "speed": "fast",
              "pass": true,
              "fail": false,
              "pending": false,
              "context": null,
              "code": "cy.get('.view > label').should('have.length', 3);",
              "err": {},
              "uuid": "1f157b9c-fab1-431f-809f-62fa205529ff",
              "parentUUID": "c7dd76fa-45b5-4f44-ad98-8cae781ec2ea",
              "isHook": false,
              "skipped": false
            }
          ],
          "suites": [],
          "passes": [
            "a6145362-f32b-4917-8ea3-00b84e5ef9fc",
            "1f157b9c-fab1-431f-809f-62fa205529ff"
          ],
          "failures": [],
          "pending": [],
          "skipped": [],
          "duration": 4182,
          "root": false,
          "rootEmpty": false,
          "_timeout": 2000
        }
      ],
      "passes": [],
      "failures": [],
      "pending": [],
      "skipped": [],
      "duration": 0,
      "root": true,
      "rootEmpty": true,
      "_timeout": 2000
    }
  ],
  "meta": {
    "mocha": {
      "version": "7.0.1"
    },
    "mochawesome": {
      "options": {
        "quiet": false,
        "reportFilename": "mochawesome",
        "saveHtml": false,
        "saveJson": true,
        "consoleReporter": "spec",
        "useInlineDiffs": false,
        "code": true
      },
      "version": "7.1.3"
    },
    "marge": {
      "options": {
        "charts": true,
        "overwrite": false,
        "html": false,
        "json": true,
        "reportDir": "cpyress/reports"
      },
      "version": "6.2.0"
    }
  }
}